# JRE version: OpenJDK Runtime Environment Temurin-21.0.10+7 (21.0.10+7) (build 21.0.10+7-LTS)
# Java VM: OpenJDK 64-Bit Server VM Temurin-21.0.10+7 (21.0.10+7-LTS, mixed mode, emulated-client, sharing, tiered, compressed oops, compressed class ptrs, g1 gc, windows-amd64)
GC Precious Log:
 CardTable entry size: 512
 Card Set container configuration: InlinePtr #cards 5 size 8 Array Of Cards #cards 12 size 40 Howl #buckets 4 coarsen threshold 1843 Howl Bitmap #cards 512 size 80 coarsen threshold 460 Card regions per heap region 1 cards per card region 2048
 CPUs: 8 total, 8 available
 Memory: 7968M
 Large Page Support: Disabled
 NUMA Support: Disabled
 Compressed Oops: Enabled (32-bit)
 Heap Region Size: 1M
 Heap Min Capacity: 8M
 Heap Initial Capacity: 126M
 Heap Max Capacity: 1994M
 Pre-touch: Disabled
 Parallel Workers: 8
 Concurrent Workers: 2
 Concurrent Refinement Workers: 8
 Periodic GC: Disabled
Heap:
 garbage-first heap   total 161792K, used 53280K [0x0000000083600000, 0x0000000100000000)
  region size 1024K, 1 young (1024K), 1 survivors (1024K)
 Metaspace       used 87111K, committed 88448K, reserved 1179648K
  class space    used 12833K, committed 13376K, reserved 1048576K
GC Heap History (20 events):
Event: 10643.443 GC heap after
{Heap after GC invocations=57 (full 0):
 garbage-first heap   total 161792K, used 54189K [0x0000000083600000, 0x0000000100000000)
  region size 1024K, 1 young (1024K), 1 survivors (1024K)
 Metaspace       used 87219K, committed 88448K, reserved 1179648K
  class space    used 12862K, committed 13376K, reserved 1048576K
}
Event: 10692.355 GC heap before
{Heap before GC invocations=57 (full 0):
 garbage-first heap   total 161792K, used 59309K [0x0000000083600000, 0x0000000100000000)
  region size 1024K, 7 young (7168K), 1 survivors (1024K)
 Metaspace       used 87219K, committed 88448K, reserved 1179648K
  class space    used 12862K, committed 13376K, reserved 1048576K
}
Event: 10692.424 GC heap after
{Heap after GC invocations=58 (full 0):
 garbage-first heap   total 161792K, used 54246K [0x0000000083600000, 0x0000000100000000)
  region size 1024K, 1 young (1024K), 1 survivors (1024K)
 Metaspace       used 87219K, committed 88448K, reserved 1179648K
  class space    used 12862K, committed 13376K, reserved 1048576K
}
Event: 10736.519 GC heap before
{Heap before GC invocations=58 (full 0):
 garbage-first heap   total 161792K, used 60390K [0x0000000083600000, 0x0000000100000000)
  region size 1024K, 7 young (7168K), 1 survivors (1024K)
 Metaspace       used 87219K, committed 88448K, reserved 1179648K
  class space    used 12862K, committed 13376K, reserved 1048576K
}
Event: 10737.588 GC heap after
{Heap after GC invocations=59 (full 0):
 garbage-first heap   total 161792K, used 54441K [0x0000000083600000, 0x0000000100000000)
  region size 1024K, 1 young (1024K), 1 survivors (1024K)
 Metaspace       used 87219K, committed 88448K, reserved 1179648K
  class space    used 12862K, committed 13376K, reserved 1048576K
}
Event: 10784.717 GC heap before
{Heap before GC invocations=59 (full 0):
 garbage-first heap   total 161792K, used 60585K [0x0000000083600000, 0x0000000100000000)
  region size 1024K, 7 young (7168K), 1 survivors (1024K)
 Metaspace       used 87219K, committed 88448K, reserved 1179648K
  class space    used 12862K, committed 13376K, reserved 1048576K
}
Event: 10784.810 GC heap after
{Heap after GC invocations=60 (full 0):
 garbage-first heap   total 161792K, used 54422K [0x0000000083600000, 0x0000000100000000)
  region size 1024K, 1 young (1024K), 1 survivors (1024K)
 Metaspace       used 87219K, committed 88448K, reserved 1179648K
  class space    used 12862K, committed 13376K, reserved 1048576K
}
Event: 10831.536 GC heap before
{Heap before GC invocations=60 (full 0):
 garbage-first heap   total 161792K, used 60566K [0x0000000083600000, 0x0000000100000000)
  region size 1024K, 7 young (7168K), 1 survivors (1024K)
 Metaspace       used 87219K, committed 88448K, reserved 1179648K
  class space    used 12862K, committed 13376K, reserved 1048576K
}
Event: 10835.283 GC heap after
{Heap after GC invocations=61 (full 0):
 garbage-first heap   total 161792K, used 54462K [0x0000000083600000, 0x0000000100000000)
  region size 1024K, 1 young (1024K), 1 survivors (1024K)
 Metaspace       used 87219K, committed 88448K, reserved 1179648K
  class space    used 12862K, committed 13376K, reserved 1048576K
}
Event: 10882.954 GC heap before
{Heap before GC invocations=62 (full 0):
 garbage-first heap   total 161792K, used 60606K [0x0000000083600000, 0x0000000100000000)
  region size 1024K, 7 young (7168K), 1 survivors (1024K)
 Metaspace       used 87111K, committed 88448K, reserved 1179648K
  class space    used 12833K, committed 13376K, reserved 1048576K
}
Event: 10882.992 GC heap after
{Heap after GC invocations=63 (full 0):
 garbage-first heap   total 161792K, used 54466K [0x0000000083600000, 0x0000000100000000)
  region size 1024K, 1 young (1024K), 1 survivors (1024K)
 Metaspace       used 87111K, committed 88448K, reserved 1179648K
  class space    used 12833K, committed 13376K, reserved 1048576K
}
Event: 10929.007 GC heap before
{Heap before GC invocations=63 (full 0):
 garbage-first heap   total 161792K, used 60610K [0x0000000083600000, 0x0000000100000000)
  region size 1024K, 7 young (7168K), 1 survivors (1024K)
 Metaspace       used 87111K, committed 88448K, reserved 1179648K
  class space    used 12833K, committed 13376K, reserved 1048576K
}
Event: 10929.088 GC heap after
{Heap after GC invocations=64 (full 0):
 garbage-first heap   total 161792K, used 54058K [0x0000000083600000, 0x0000000100000000)
  region size 1024K, 1 young (1024K), 1 survivors (1024K)
 Metaspace       used 87111K, committed 88448K, reserved 1179648K
  class space    used 12833K, committed 13376K, reserved 1048576K
}
Event: 10975.037 GC heap before
{Heap before GC invocations=64 (full 0):
 garbage-first heap   total 161792K, used 60202K [0x0000000083600000, 0x0000000100000000)
  region size 1024K, 7 young (7168K), 1 survivors (1024K)
 Metaspace       used 87111K, committed 88448K, reserved 1179648K
  class space    used 12833K, committed 13376K, reserved 1048576K
}
Event: 10975.134 GC heap after
{Heap after GC invocations=65 (full 0):
 garbage-first heap   total 161792K, used 53568K [0x0000000083600000, 0x0000000100000000)
  region size 1024K, 1 young (1024K), 1 survivors (1024K)
 Metaspace       used 87111K, committed 88448K, reserved 1179648K
  class space    used 12833K, committed 13376K, reserved 1048576K
}
Event: 11022.424 GC heap before
{Heap before GC invocations=65 (full 0):
 garbage-first heap   total 161792K, used 59712K [0x0000000083600000, 0x0000000100000000)
  region size 1024K, 7 young (7168K), 1 survivors (1024K)
 Metaspace       used 87111K, committed 88448K, reserved 1179648K
  class space    used 12833K, committed 13376K, reserved 1048576K
}
Event: 11023.055 GC heap after
{Heap after GC invocations=66 (full 0):
 garbage-first heap   total 161792K, used 53284K [0x0000000083600000, 0x0000000100000000)
  region size 1024K, 1 young (1024K), 1 survivors (1024K)
 Metaspace       used 87111K, committed 88448K, reserved 1179648K
  class space    used 12833K, committed 13376K, reserved 1048576K
}
Event: 11069.831 GC heap before
{Heap before GC invocations=66 (full 0):
 garbage-first heap   total 161792K, used 59428K [0x0000000083600000, 0x0000000100000000)
  region size 1024K, 7 young (7168K), 1 survivors (1024K)
 Metaspace       used 87111K, committed 88448K, reserved 1179648K
  class space    used 12833K, committed 13376K, reserved 1048576K
}
Event: 11070.081 GC heap after
{Heap after GC invocations=67 (full 0):
 garbage-first heap   total 161792K, used 53255K [0x0000000083600000, 0x0000000100000000)
  region size 1024K, 1 young (1024K), 1 survivors (1024K)
 Metaspace       used 87111K, committed 88448K, reserved 1179648K
  class space    used 12833K, committed 13376K, reserved 1048576K
}
Event: 11117.585 GC heap before
{Heap before GC invocations=68 (full 0):
 garbage-first heap   total 161792K, used 59399K [0x0000000083600000, 0x0000000100000000)
  region size 1024K, 7 young (7168K), 1 survivors (1024K)
 Metaspace       used 87111K, committed 88448K, reserved 1179648K
  class space    used 12833K, committed 13376K, reserved 1048576K
}

