# JRE version: OpenJDK Runtime Environment JBR-17.0.14+1-1367.22-nomod (17.0.14+1) (build 17.0.14+1-b1367.22)
# Java VM: OpenJDK 64-Bit Server VM JBR-17.0.14+1-1367.22-nomod (17.0.14+1-b1367.22, mixed mode, emulated-client, sharing, tiered, compressed oops, compressed class ptrs, g1 gc, windows-amd64)
GC Precious Log:
 CPUs: 8 total, 8 available
 Memory: 7968M
 Large Page Support: Disabled
 NUMA Support: Disabled
 Compressed Oops: Enabled (32-bit)
 Heap Region Size: 1M
 Heap Min Capacity: 8M
 Heap Initial Capacity: 126M
 Heap Max Capacity: 1994M
 Pre-touch: Disabled
 Parallel Workers: 8
 Concurrent Workers: 2
 Concurrent Refinement Workers: 8
 Periodic GC: Disabled
Heap:
 garbage-first heap   total 71680K, used 44447K [0x0000000083600000, 0x0000000100000000)
  region size 1024K, 5 young (5120K), 2 survivors (2048K)
 Metaspace       used 71595K, committed 72192K, reserved 1114112K
  class space    used 10541K, committed 10816K, reserved 1048576K
GC Heap History (20 events):
Event: 21.106 GC heap before
{Heap before GC invocations=11 (full 0):
 garbage-first heap   total 71680K, used 54410K [0x0000000083600000, 0x0000000100000000)
  region size 1024K, 27 young (27648K), 4 survivors (4096K)
 Metaspace       used 39351K, committed 39808K, reserved 1114112K
  class space    used 5569K, committed 5760K, reserved 1048576K
}
Event: 21.109 GC heap after
{Heap after GC invocations=12 (full 0):
 garbage-first heap   total 71680K, used 32314K [0x0000000083600000, 0x0000000100000000)
  region size 1024K, 2 young (2048K), 2 survivors (2048K)
 Metaspace       used 39351K, committed 39808K, reserved 1114112K
  class space    used 5569K, committed 5760K, reserved 1048576K
}
Event: 21.724 GC heap before
{Heap before GC invocations=12 (full 0):
 garbage-first heap   total 71680K, used 54842K [0x0000000083600000, 0x0000000100000000)
  region size 1024K, 24 young (24576K), 2 survivors (2048K)
 Metaspace       used 43462K, committed 43904K, reserved 1114112K
  class space    used 6374K, committed 6592K, reserved 1048576K
}
Event: 21.726 GC heap after
{Heap after GC invocations=13 (full 0):
 garbage-first heap   total 71680K, used 33296K [0x0000000083600000, 0x0000000100000000)
  region size 1024K, 3 young (3072K), 3 survivors (3072K)
 Metaspace       used 43462K, committed 43904K, reserved 1114112K
  class space    used 6374K, committed 6592K, reserved 1048576K
}
Event: 22.527 GC heap before
{Heap before GC invocations=13 (full 0):
 garbage-first heap   total 71680K, used 55824K [0x0000000083600000, 0x0000000100000000)
  region size 1024K, 25 young (25600K), 3 survivors (3072K)
 Metaspace       used 47181K, committed 47680K, reserved 1114112K
  class space    used 7025K, committed 7232K, reserved 1048576K
}
Event: 22.530 GC heap after
{Heap after GC invocations=14 (full 0):
 garbage-first heap   total 71680K, used 34172K [0x0000000083600000, 0x0000000100000000)
  region size 1024K, 3 young (3072K), 3 survivors (3072K)
 Metaspace       used 47181K, committed 47680K, reserved 1114112K
  class space    used 7025K, committed 7232K, reserved 1048576K
}
Event: 24.327 GC heap before
{Heap before GC invocations=14 (full 0):
 garbage-first heap   total 71680K, used 56700K [0x0000000083600000, 0x0000000100000000)
  region size 1024K, 25 young (25600K), 3 survivors (3072K)
 Metaspace       used 52570K, committed 53056K, reserved 1114112K
  class space    used 7708K, committed 7936K, reserved 1048576K
}
Event: 24.333 GC heap after
{Heap after GC invocations=15 (full 0):
 garbage-first heap   total 71680K, used 36628K [0x0000000083600000, 0x0000000100000000)
  region size 1024K, 4 young (4096K), 4 survivors (4096K)
 Metaspace       used 52570K, committed 53056K, reserved 1114112K
  class space    used 7708K, committed 7936K, reserved 1048576K
}
Event: 25.703 GC heap before
{Heap before GC invocations=16 (full 0):
 garbage-first heap   total 71680K, used 56084K [0x0000000083600000, 0x0000000100000000)
  region size 1024K, 24 young (24576K), 4 survivors (4096K)
 Metaspace       used 56303K, committed 56832K, reserved 1114112K
  class space    used 8229K, committed 8448K, reserved 1048576K
}
Event: 25.706 GC heap after
{Heap after GC invocations=17 (full 0):
 garbage-first heap   total 71680K, used 37557K [0x0000000083600000, 0x0000000100000000)
  region size 1024K, 2 young (2048K), 2 survivors (2048K)
 Metaspace       used 56303K, committed 56832K, reserved 1114112K
  class space    used 8229K, committed 8448K, reserved 1048576K
}
Event: 27.186 GC heap before
{Heap before GC invocations=17 (full 0):
 garbage-first heap   total 71680K, used 55989K [0x0000000083600000, 0x0000000100000000)
  region size 1024K, 21 young (21504K), 2 survivors (2048K)
 Metaspace       used 62041K, committed 62528K, reserved 1114112K
  class space    used 9061K, committed 9280K, reserved 1048576K
}
Event: 27.188 GC heap after
{Heap after GC invocations=18 (full 0):
 garbage-first heap   total 71680K, used 38148K [0x0000000083600000, 0x0000000100000000)
  region size 1024K, 2 young (2048K), 2 survivors (2048K)
 Metaspace       used 62041K, committed 62528K, reserved 1114112K
  class space    used 9061K, committed 9280K, reserved 1048576K
}
Event: 28.195 GC heap before
{Heap before GC invocations=19 (full 0):
 garbage-first heap   total 71680K, used 57604K [0x0000000083600000, 0x0000000100000000)
  region size 1024K, 21 young (21504K), 2 survivors (2048K)
 Metaspace       used 63545K, committed 64128K, reserved 1114112K
  class space    used 9416K, committed 9664K, reserved 1048576K
}
Event: 28.197 GC heap after
{Heap after GC invocations=20 (full 0):
 garbage-first heap   total 71680K, used 38534K [0x0000000083600000, 0x0000000100000000)
  region size 1024K, 2 young (2048K), 2 survivors (2048K)
 Metaspace       used 63545K, committed 64128K, reserved 1114112K
  class space    used 9416K, committed 9664K, reserved 1048576K
}
Event: 32.253 GC heap before
{Heap before GC invocations=20 (full 0):
 garbage-first heap   total 71680K, used 57990K [0x0000000083600000, 0x0000000100000000)
  region size 1024K, 22 young (22528K), 2 survivors (2048K)
 Metaspace       used 67358K, committed 67904K, reserved 1114112K
  class space    used 9983K, committed 10240K, reserved 1048576K
}
Event: 32.255 GC heap after
{Heap after GC invocations=21 (full 0):
 garbage-first heap   total 71680K, used 39391K [0x0000000083600000, 0x0000000100000000)
  region size 1024K, 3 young (3072K), 3 survivors (3072K)
 Metaspace       used 67358K, committed 67904K, reserved 1114112K
  class space    used 9983K, committed 10240K, reserved 1048576K
}
Event: 37.471 GC heap before
{Heap before GC invocations=22 (full 0):
 garbage-first heap   total 71680K, used 58847K [0x0000000083600000, 0x0000000100000000)
  region size 1024K, 22 young (22528K), 3 survivors (3072K)
 Metaspace       used 70557K, committed 71104K, reserved 1114112K
  class space    used 10412K, committed 10624K, reserved 1048576K
}
Event: 37.475 GC heap after
{Heap after GC invocations=23 (full 0):
 garbage-first heap   total 71680K, used 40886K [0x0000000083600000, 0x0000000100000000)
  region size 1024K, 3 young (3072K), 3 survivors (3072K)
 Metaspace       used 70557K, committed 71104K, reserved 1114112K
  class space    used 10412K, committed 10624K, reserved 1048576K
}
Event: 39.660 GC heap before
{Heap before GC invocations=23 (full 0):
 garbage-first heap   total 71680K, used 59318K [0x0000000083600000, 0x0000000100000000)
  region size 1024K, 21 young (21504K), 3 survivors (3072K)
 Metaspace       used 71605K, committed 72192K, reserved 1114112K
  class space    used 10550K, committed 10816K, reserved 1048576K
}
Event: 39.686 GC heap after
{Heap after GC invocations=24 (full 0):
 garbage-first heap   total 71680K, used 42399K [0x0000000083600000, 0x0000000100000000)
  region size 1024K, 2 young (2048K), 2 survivors (2048K)
 Metaspace       used 71605K, committed 72192K, reserved 1114112K
  class space    used 10550K, committed 10816K, reserved 1048576K
}

