# JRE version: OpenJDK Runtime Environment JBR-17.0.14+1-1367.22-nomod (17.0.14+1) (build 17.0.14+1-b1367.22)
# Java VM: OpenJDK 64-Bit Server VM JBR-17.0.14+1-1367.22-nomod (17.0.14+1-b1367.22, mixed mode, emulated-client, sharing, tiered, compressed oops, compressed class ptrs, g1 gc, windows-amd64)
GC Precious Log:
 CPUs: 8 total, 8 available
 Memory: 7968M
 Large Page Support: Disabled
 NUMA Support: Disabled
 Compressed Oops: Enabled (32-bit)
 Heap Region Size: 1M
 Heap Min Capacity: 8M
 Heap Initial Capacity: 126M
 Heap Max Capacity: 1994M
 Pre-touch: Disabled
 Parallel Workers: 8
 Concurrent Workers: 2
 Concurrent Refinement Workers: 8
 Periodic GC: Disabled
Heap:
 garbage-first heap   total 174080K, used 99745K [0x0000000083600000, 0x0000000100000000)
  region size 1024K, 26 young (26624K), 1 survivors (1024K)
 Metaspace       used 79804K, committed 80576K, reserved 1179648K
  class space    used 12098K, committed 12480K, reserved 1048576K
GC Heap History (20 events):
Event: 107619.529 GC heap before
{Heap before GC invocations=132 (full 0):
 garbage-first heap   total 174080K, used 154040K [0x0000000083600000, 0x0000000100000000)
  region size 1024K, 78 young (79872K), 1 survivors (1024K)
 Metaspace       used 79801K, committed 80576K, reserved 1179648K
  class space    used 12098K, committed 12480K, reserved 1048576K
}
Event: 107619.583 GC heap after
{Heap after GC invocations=133 (full 0):
 garbage-first heap   total 174080K, used 75336K [0x0000000083600000, 0x0000000100000000)
  region size 1024K, 1 young (1024K), 1 survivors (1024K)
 Metaspace       used 79801K, committed 80576K, reserved 1179648K
  class space    used 12098K, committed 12480K, reserved 1048576K
}
Event: 109251.032 GC heap before
{Heap before GC invocations=133 (full 0):
 garbage-first heap   total 174080K, used 154184K [0x0000000083600000, 0x0000000100000000)
  region size 1024K, 78 young (79872K), 1 survivors (1024K)
 Metaspace       used 79801K, committed 80576K, reserved 1179648K
  class space    used 12098K, committed 12480K, reserved 1048576K
}
Event: 109251.087 GC heap after
{Heap after GC invocations=134 (full 0):
 garbage-first heap   total 174080K, used 75233K [0x0000000083600000, 0x0000000100000000)
  region size 1024K, 1 young (1024K), 1 survivors (1024K)
 Metaspace       used 79801K, committed 80576K, reserved 1179648K
  class space    used 12098K, committed 12480K, reserved 1048576K
}
Event: 109916.425 GC heap before
{Heap before GC invocations=134 (full 0):
 garbage-first heap   total 174080K, used 154081K [0x0000000083600000, 0x0000000100000000)
  region size 1024K, 78 young (79872K), 1 survivors (1024K)
 Metaspace       used 79801K, committed 80576K, reserved 1179648K
  class space    used 12098K, committed 12480K, reserved 1048576K
}
Event: 109916.501 GC heap after
{Heap after GC invocations=135 (full 0):
 garbage-first heap   total 174080K, used 75251K [0x0000000083600000, 0x0000000100000000)
  region size 1024K, 1 young (1024K), 1 survivors (1024K)
 Metaspace       used 79801K, committed 80576K, reserved 1179648K
  class space    used 12098K, committed 12480K, reserved 1048576K
}
Event: 111049.723 GC heap before
{Heap before GC invocations=135 (full 0):
 garbage-first heap   total 174080K, used 154099K [0x0000000083600000, 0x0000000100000000)
  region size 1024K, 78 young (79872K), 1 survivors (1024K)
 Metaspace       used 79801K, committed 80576K, reserved 1179648K
  class space    used 12098K, committed 12480K, reserved 1048576K
}
Event: 111049.792 GC heap after
{Heap after GC invocations=136 (full 0):
 garbage-first heap   total 174080K, used 75269K [0x0000000083600000, 0x0000000100000000)
  region size 1024K, 1 young (1024K), 1 survivors (1024K)
 Metaspace       used 79801K, committed 80576K, reserved 1179648K
  class space    used 12098K, committed 12480K, reserved 1048576K
}
Event: 113040.360 GC heap before
{Heap before GC invocations=136 (full 0):
 garbage-first heap   total 174080K, used 154117K [0x0000000083600000, 0x0000000100000000)
  region size 1024K, 78 young (79872K), 1 survivors (1024K)
 Metaspace       used 79802K, committed 80576K, reserved 1179648K
  class space    used 12098K, committed 12480K, reserved 1048576K
}
Event: 113040.406 GC heap after
{Heap after GC invocations=137 (full 0):
 garbage-first heap   total 174080K, used 75409K [0x0000000083600000, 0x0000000100000000)
  region size 1024K, 1 young (1024K), 1 survivors (1024K)
 Metaspace       used 79802K, committed 80576K, reserved 1179648K
  class space    used 12098K, committed 12480K, reserved 1048576K
}
Event: 113703.598 GC heap before
{Heap before GC invocations=137 (full 0):
 garbage-first heap   total 174080K, used 153233K [0x0000000083600000, 0x0000000100000000)
  region size 1024K, 77 young (78848K), 1 survivors (1024K)
 Metaspace       used 79802K, committed 80576K, reserved 1179648K
  class space    used 12098K, committed 12480K, reserved 1048576K
}
Event: 113703.650 GC heap after
{Heap after GC invocations=138 (full 0):
 garbage-first heap   total 174080K, used 75162K [0x0000000083600000, 0x0000000100000000)
  region size 1024K, 1 young (1024K), 1 survivors (1024K)
 Metaspace       used 79802K, committed 80576K, reserved 1179648K
  class space    used 12098K, committed 12480K, reserved 1048576K
}
Event: 114362.427 GC heap before
{Heap before GC invocations=138 (full 0):
 garbage-first heap   total 174080K, used 154010K [0x0000000083600000, 0x0000000100000000)
  region size 1024K, 78 young (79872K), 1 survivors (1024K)
 Metaspace       used 79802K, committed 80576K, reserved 1179648K
  class space    used 12098K, committed 12480K, reserved 1048576K
}
Event: 114362.487 GC heap after
{Heap after GC invocations=139 (full 0):
 garbage-first heap   total 174080K, used 75171K [0x0000000083600000, 0x0000000100000000)
  region size 1024K, 1 young (1024K), 1 survivors (1024K)
 Metaspace       used 79802K, committed 80576K, reserved 1179648K
  class space    used 12098K, committed 12480K, reserved 1048576K
}
Event: 115003.027 GC heap before
{Heap before GC invocations=139 (full 0):
 garbage-first heap   total 174080K, used 154019K [0x0000000083600000, 0x0000000100000000)
  region size 1024K, 78 young (79872K), 1 survivors (1024K)
 Metaspace       used 79802K, committed 80576K, reserved 1179648K
  class space    used 12098K, committed 12480K, reserved 1048576K
}
Event: 115003.058 GC heap after
{Heap after GC invocations=140 (full 0):
 garbage-first heap   total 174080K, used 75326K [0x0000000083600000, 0x0000000100000000)
  region size 1024K, 1 young (1024K), 1 survivors (1024K)
 Metaspace       used 79802K, committed 80576K, reserved 1179648K
  class space    used 12098K, committed 12480K, reserved 1048576K
}
Event: 132669.499 GC heap before
{Heap before GC invocations=140 (full 0):
 garbage-first heap   total 174080K, used 153150K [0x0000000083600000, 0x0000000100000000)
  region size 1024K, 78 young (79872K), 1 survivors (1024K)
 Metaspace       used 79802K, committed 80576K, reserved 1179648K
  class space    used 12098K, committed 12480K, reserved 1048576K
}
Event: 132669.575 GC heap after
{Heap after GC invocations=141 (full 0):
 garbage-first heap   total 174080K, used 75341K [0x0000000083600000, 0x0000000100000000)
  region size 1024K, 1 young (1024K), 1 survivors (1024K)
 Metaspace       used 79802K, committed 80576K, reserved 1179648K
  class space    used 12098K, committed 12480K, reserved 1048576K
}
Event: 133325.817 GC heap before
{Heap before GC invocations=141 (full 0):
 garbage-first heap   total 174080K, used 153165K [0x0000000083600000, 0x0000000100000000)
  region size 1024K, 77 young (78848K), 1 survivors (1024K)
 Metaspace       used 79802K, committed 80576K, reserved 1179648K
  class space    used 12098K, committed 12480K, reserved 1048576K
}
Event: 133325.877 GC heap after
{Heap after GC invocations=142 (full 0):
 garbage-first heap   total 174080K, used 75169K [0x0000000083600000, 0x0000000100000000)
  region size 1024K, 1 young (1024K), 1 survivors (1024K)
 Metaspace       used 79802K, committed 80576K, reserved 1179648K
  class space    used 12098K, committed 12480K, reserved 1048576K
}

